-------------------------------------------------------------------------------
Test set: com.studentapp.junit.studentIdinfo.SerenityIdInfo
-------------------------------------------------------------------------------
Tests run: 8, Failures: 1, Errors: 2, Skipped: 3, Time elapsed: 57 sec <<< FAILURE! - in com.studentapp.junit.studentIdinfo.SerenityIdInfo
filedoesnotExist(com.studentapp.junit.studentIdinfo.SerenityIdInfo)  Time elapsed: 6.082 sec  <<< ERROR!
java.io.FileNotFoundException: F:\ss.as (The system cannot find the file specified)
	at java.io.FileInputStream.open0(Native Method)
	at java.io.FileInputStream.open(FileInputStream.java:195)
	at java.io.FileInputStream.<init>(FileInputStream.java:138)
	at java.io.FileReader.<init>(FileReader.java:72)
	at com.studentapp.junit.studentIdinfo.SerenityIdInfo.filedoesnotExist(SerenityIdInfo.java:72)

ThisTestCauseError(com.studentapp.junit.studentIdinfo.SerenityIdInfo)  Time elapsed: 5.213 sec  <<< ERROR!
java.lang.ArithmeticException: / by zero
	at com.studentapp.junit.studentIdinfo.SerenityIdInfo.ThisTestCauseError(SerenityIdInfo.java:65)

thisIsFailingTest(com.studentapp.junit.studentIdinfo.SerenityIdInfo)  Time elapsed: 5.961 sec  <<< FAILURE!
java.lang.AssertionError: 1 expectation failed.
Expected status code <500> but was <200>.

	at sun.reflect.NativeConstructorAccessorImpl.newInstance0(Native Method)
	at sun.reflect.NativeConstructorAccessorImpl.newInstance(NativeConstructorAccessorImpl.java:62)
	at sun.reflect.DelegatingConstructorAccessorImpl.newInstance(DelegatingConstructorAccessorImpl.java:45)
	at java.lang.reflect.Constructor.newInstance(Constructor.java:422)
	at org.codehaus.groovy.reflection.CachedConstructor.invoke(CachedConstructor.java:83)
	at org.codehaus.groovy.reflection.CachedConstructor.doConstructorInvoke(CachedConstructor.java:77)
	at org.codehaus.groovy.runtime.callsite.ConstructorSite$ConstructorSiteNoUnwrap.callConstructor(ConstructorSite.java:84)
	at org.codehaus.groovy.runtime.callsite.CallSiteArray.defaultCallConstructor(CallSiteArray.java:60)
	at org.codehaus.groovy.runtime.callsite.AbstractCallSite.callConstructor(AbstractCallSite.java:235)
	at org.codehaus.groovy.runtime.callsite.AbstractCallSite.callConstructor(AbstractCallSite.java:247)
	at io.restassured.internal.ResponseSpecificationImpl$HamcrestAssertionClosure.validate(ResponseSpecificationImpl.groovy:471)
	at io.restassured.internal.ResponseSpecificationImpl$HamcrestAssertionClosure$validate$1.call(Unknown Source)
	at io.restassured.internal.ResponseSpecificationImpl.validateResponseIfRequired(ResponseSpecificationImpl.groovy:636)
	at sun.reflect.NativeMethodAccessorImpl.invoke0(Native Method)
	at sun.reflect.NativeMethodAccessorImpl.invoke(NativeMethodAccessorImpl.java:62)
	at sun.reflect.DelegatingMethodAccessorImpl.invoke(DelegatingMethodAccessorImpl.java:43)
	at java.lang.reflect.Method.invoke(Method.java:497)
	at org.codehaus.groovy.runtime.callsite.PogoMetaMethodSite$PogoCachedMethodSiteNoUnwrapNoCoerce.invoke(PogoMetaMethodSite.java:210)
	at org.codehaus.groovy.runtime.callsite.PogoMetaMethodSite.callCurrent(PogoMetaMethodSite.java:59)
	at org.codehaus.groovy.runtime.callsite.AbstractCallSite.callCurrent(AbstractCallSite.java:166)
	at io.restassured.internal.ResponseSpecificationImpl.statusCode(ResponseSpecificationImpl.groovy:122)
	at io.restassured.specification.ResponseSpecification$statusCode$0.callCurrent(Unknown Source)
	at io.restassured.internal.ResponseSpecificationImpl.statusCode(ResponseSpecificationImpl.groovy:130)
	at io.restassured.internal.ValidatableResponseOptionsImpl.statusCode(ValidatableResponseOptionsImpl.java:117)
	at com.studentapp.junit.studentIdinfo.SerenityIdInfo.thisIsFailingTest(SerenityIdInfo.java:48)

