<?xml version="1.0" encoding="UTF-8"?>
<testsuite name="com.studentapp.cucumber.StudentRunner" time="7.951" tests="2" errors="0" skipped="0" failures="0">
  <properties>
[...]
</properties>
  <testcase name="When User sends a GET request to the list endpoint,they must get back a valid status code 200" classname="Scenario: Check if the student application can be accessed by users" time="0.007"/>
  <testcase name="Scenario: Check if the student application can be accessed by users" classname="Scenario: Check if the student application can be accessed by users" time="7.944"/>
</testsuite>