<?xml version="1.0" encoding="UTF-8"?>
<testsuite name="com.studentapp.junit.studentinfo.CreateStudentDataDrivenTest" time="4.964" tests="1" errors="0" skipped="0" failures="1">
  <properties>
    <property name="java.runtime.name" value="Java(TM) SE Runtime Environment"/>
    <property name="cucumber.options" value=" --tags @SMOKE"/>
    <property name="sun.boot.library.path" value="C:\Program Files (x86)\Java\jdk1.8.0_45\jre\bin"/>
    <property name="java.vm.version" value="25.45-b02"/>
    <property name="java.vm.vendor" value="Oracle Corporation"/>
    <property name="maven.multiModuleProjectDirectory" value="K:\TestingFrameWork\2_sernity_bdd\EclpiseSernity\StudentApp"/>
    <property name="java.vendor.url" value="http://java.oracle.com/"/>
    <property name="path.separator" value=";"/>
    <property name="guice.disable.misplaced.annotation.check" value="true"/>
    <property name="java.vm.name" value="Java HotSpot(TM) Client VM"/>
    <property name="file.encoding.pkg" value="sun.io"/>
    <property name="user.script" value=""/>
    <property name="user.country" value="US"/>
    <property name="sun.java.launcher" value="SUN_STANDARD"/>
    <property name="sun.os.patch.level" value=""/>
    <property name="java.vm.specification.name" value="Java Virtual Machine Specification"/>
    <property name="user.dir" value="K:\TestingFrameWork\2_sernity_bdd\EclpiseSernity\StudentApp"/>
    <property name="java.runtime.version" value="1.8.0_45-b15"/>
    <property name="java.awt.graphicsenv" value="sun.awt.Win32GraphicsEnvironment"/>
    <property name="java.endorsed.dirs" value="C:\Program Files (x86)\Java\jdk1.8.0_45\jre\lib\endorsed"/>
    <property name="os.arch" value="x86"/>
    <property name="java.io.tmpdir" value="C:\Users\avinash.t\AppData\Local\Temp\"/>
    <property name="line.separator" value="&#10;"/>
    <property name="java.vm.specification.vendor" value="Oracle Corporation"/>
    <property name="user.variant" value=""/>
    <property name="os.name" value="Windows 8.1"/>
    <property name="classworlds.conf" value="K:\TestingFrameWork\2_sernity_bdd\EclpiseSernity\.metadata\.plugins\org.eclipse.m2e.launching\launches\m2conf8980566722571471421.tmp"/>
    <property name="sun.jnu.encoding" value="Cp1252"/>
    <property name="java.library.path" value="C:\Program Files (x86)\Java\jdk1.8.0_45\bin;C:\Windows\Sun\Java\bin;C:\Windows\system32;C:\Windows;C:/Program Files (x86)/Java/jre1.8.0_181/bin/client;C:/Program Files (x86)/Java/jre1.8.0_181/bin;C:/Program Files (x86)/Java/jre1.8.0_181/lib/i386;C:\Program Files (x86)\Microsoft SDKs\Azure\CLI2\wbin;C:\Program Files (x86)\Common Files\Oracle\Java\javapath;GRAPHVIZ_DOT;&quot;C:\Progra~1\Java\jdk1.8.0_45\bin&quot;;C:\ProgramData\Oracle\Java\javapath;C:\Program Files (x86)\Intel\TXE Components\TCS\;C:\Program Files\Intel\TXE Components\TCS\;C:\Windows\system32;C:\Windows;C:\Windows\System32\Wbem;C:\Windows\System32\WindowsPowerShell\v1.0\;C:\Program Files\Hewlett-Packard\SimplePass\;C:\Program Files (x86)\Windows Live\Shared;C:\Program Files (x86)\Microsoft ASP.NET\ASP.NET Web Pages\v1.0\;C:\Program Files\Microsoft SQL Server\110\Tools\Binn\;C:\Program Files\Microsoft\Web Platform Installer\;c:\Program Files (x86)\Microsoft SQL Server\110\Tools\Binn\;c:\Program Files (x86)\Microsoft SQL Server\110\DTS\Binn\;C:\Program Files\Calibre2\;exit;C:\Program Files\nodejs;C:\Program Files\MySQL\MySQL Utilities 1.6\;&quot;C:\Users\avinash.t\AppData\Local\Android\sdk\platform-tools&quot;;C:\Program Files (x86)\GtkSharp\2.12\bin;C:\PROGRA~2\Groovy\GROOVY~1.7\bin;C:\Program Files (x86)\Brackets\command;C:\Program Files (x86)\QuickTime\QTSystem\;C:\Program Files\Cloud Foundry;&quot;F:\Javascript_Tech\Eclipse_Java_EE\Gradle\gradle-3.4.1\bin&quot;;C:\Program Files\Microsoft Network Monitor 3\;C:\Users\avinash.t\Anaconda3\Scripts;&quot;C:\Progra~1\Java\jdk1.8.0_101&quot;\bin;C:\strawberry\c\bin;C:\strawberry\perl\bin;C:\Yarn\bin;C:\Program Files\nodejs\;C:\Program Files\Git LFS;C:\ProgramData\chocolatey\bin;C:\Program Files (x86)\Windows Kits\8.1\Windows Performance Toolkit\;&quot;C:\Program Files (x86)\Geth&quot;;C:\Program Files\Git\cmd;C:\Program Files\Git\mingw64\bin;C:\Program Files\Git\usr\bin;C:\OpenCv3.2.0\build\install\x64\vc14\bin;C:\Program Files\CMake\bin;C:\Program Files (x86)\Google\Cloud SDK\google-cloud-sdk\bin;C:\MinGW\bin;C:\swigwin-3.0.12;C:\Users\avinash.t\.windows-build-tools\python27\;C:\Users\avinash.t\AppData\Roaming\npm\node_modules\npm\bin\node-gyp-bin;C:\Users\avinash.t\AppData\Roaming\npm\node_modules\windows-build-tools\node_modules\.bin;C:\Users\avinash.t\AppData\Roaming\npm\node_modules\.bin;&quot;C:\Progra~1\Java\jdk1.8.0_45\bin&quot;;C:\ProgramData\Oracle\Java\javapath;C:\Program Files (x86)\Intel\TXE Components\TCS\;C:\Program Files\Intel\TXE Components\TCS\;C:\Windows\system32;C:\Windows;C:\Windows\System32\Wbem;C:\Windows\System32\WindowsPowerShell\v1.0\;C:\Program Files\Hewlett-Packard\SimplePass\;C:\Program Files (x86)\Windows Live\Shared;C:\Program Files (x86)\Microsoft ASP.NET\ASP.NET Web Pages\v1.0\;C:\Program Files (x86)\Windows Kits\8.0\Windows Performance Toolkit\;C:\Program Files\Microsoft SQL Server\110\Tools\Binn\;C:\Program Files\Microsoft\Web Platform Installer\;c:\Program Files (x86)\Microsoft SQL Server\110\Tools\Binn\;c:\Program Files (x86)\Microsoft SQL Server\110\DTS\Binn\;C:\Program Files\Calibre2\;exit;C:\Program Files\nodejs;C:\Program Files\MySQL\MySQL Utilities 1.6\;&quot;C:\Users\avinash.t\AppData\Local\Android\sdk\platform-tools&quot;;C:\Program Files (x86)\GtkSharp\2.12\bin;C:\PROGRA~2\Groovy\GROOVY~1.7\bin;C:\Program Files (x86)\Brackets\command;C:\Program Files (x86)\QuickTime\QTSystem\;C:\Program Files\Cloud Foundry;&quot;F:\Javascript_Tech\Eclipse_Java_EE\Gradle\gradle-3.4.1\bin&quot;;C:\Program Files (x86)\Skype\Phone\;C:\Program Files\Microsoft Network Monitor 3\;C:\Users\avinash.t\Anaconda3\Scripts;&quot;C:\Progra~1\Java\jdk1.8.0_101&quot;\bin;C:\strawberry\perl\bin;C:\Yarn\bin;C:\Program Files\nodejs\;C:\Program Files\Git LFS;C:\ProgramData\chocolatey\bin;C:\Program Files\Git\cmd;C:\Program Files\Git\mingw64\bin;C:\Program Files\Git\usr\bin;C:\Program Files (x86)\Microsoft VS Code\bin;C:\Program Files\MongoDB\Server\3.2\bin;C:\Phyton;C:\jdk\bin;c:\spark\bin;C:\Users\avinash.t\AppData\Local\Yarn\bin;C:\Users\avinash.t\AppData\Roaming\npm;F:\Javascript_Tech\Maven\apache-maven-3.5.4\bin;C:\OpenCv3.2.0\build\install\x64\vc14\bin;C:\MinGW\bin;C:\swigwin-3.0.12;L:\EclpiseProjectSpark\STS\sts36\sts-bundle\sts-3.8.4.RELEASE;;."/>
    <property name="java.specification.name" value="Java Platform API Specification"/>
    <property name="java.class.version" value="52.0"/>
    <property name="sun.management.compiler" value="HotSpot Client Compiler"/>
    <property name="os.version" value="6.3"/>
    <property name="user.home" value="C:\Users\avinash.t"/>
    <property name="user.timezone" value="America/Denver"/>
    <property name="java.awt.printerjob" value="sun.awt.windows.WPrinterJob"/>
    <property name="java.specification.version" value="1.8"/>
    <property name="file.encoding" value="Cp1252"/>
    <property name="user.name" value="avinash.t"/>
    <property name="java.class.path" value="/L:/EclpiseProjectSpark/STS/sts36/sts-bundle/sts-3.8.4.RELEASE/plugins/org.eclipse.m2e.maven.runtime_1.8.1.20170728-1531/jars/plexus-classworlds-2.5.2.jar"/>
    <property name="java.vm.specification.version" value="1.8"/>
    <property name="sun.arch.data.model" value="32"/>
    <property name="java.home" value="C:\Program Files (x86)\Java\jdk1.8.0_45\jre"/>
    <property name="sun.java.command" value="org.codehaus.plexus.classworlds.launcher.Launcher -B clean verify -Dcucumber.options= --tags @SMOKE serenity:aggregate"/>
    <property name="java.specification.vendor" value="Oracle Corporation"/>
    <property name="user.language" value="en"/>
    <property name="awt.toolkit" value="sun.awt.windows.WToolkit"/>
    <property name="java.vm.info" value="mixed mode"/>
    <property name="java.version" value="1.8.0_45"/>
    <property name="java.ext.dirs" value="C:\Program Files (x86)\Java\jdk1.8.0_45\jre\lib\ext;C:\Windows\Sun\Java\lib\ext"/>
    <property name="sun.boot.class.path" value="C:\Program Files (x86)\Java\jdk1.8.0_45\jre\lib\resources.jar;C:\Program Files (x86)\Java\jdk1.8.0_45\jre\lib\rt.jar;C:\Program Files (x86)\Java\jdk1.8.0_45\jre\lib\sunrsasign.jar;C:\Program Files (x86)\Java\jdk1.8.0_45\jre\lib\jsse.jar;C:\Program Files (x86)\Java\jdk1.8.0_45\jre\lib\jce.jar;C:\Program Files (x86)\Java\jdk1.8.0_45\jre\lib\charsets.jar;C:\Program Files (x86)\Java\jdk1.8.0_45\jre\lib\jfr.jar;C:\Program Files (x86)\Java\jdk1.8.0_45\jre\classes"/>
    <property name="java.vendor" value="Oracle Corporation"/>
    <property name="maven.home" value="K:\TestingFrameWork\2_sernity_bdd\EclpiseSernity\StudentApp\EMBEDDED"/>
    <property name="file.separator" value="\"/>
    <property name="java.vendor.url.bug" value="http://bugreport.sun.com/bugreport/"/>
    <property name="sun.cpu.endian" value="little"/>
    <property name="sun.io.unicode.encoding" value="UnicodeLittle"/>
    <property name="sun.desktop" value="windows"/>
    <property name="sun.cpu.isalist" value="pentium_pro+mmx pentium_pro pentium+mmx pentium i486 i386 i86"/>
  </properties>
  <testcase name="createMutipleStudent[0]" classname="com.studentapp.junit.studentinfo.CreateStudentDataDrivenTest" time="4.964">
    <failure message="1 expectation failed.&#10;Expected status code &lt;201&gt; but was &lt;500&gt;.&#10;" type="java.lang.AssertionError"><![CDATA[java.lang.AssertionError: 1 expectation failed.
Expected status code <201> but was <500>.

	at sun.reflect.NativeConstructorAccessorImpl.newInstance0(Native Method)
	at sun.reflect.NativeConstructorAccessorImpl.newInstance(NativeConstructorAccessorImpl.java:62)
	at sun.reflect.DelegatingConstructorAccessorImpl.newInstance(DelegatingConstructorAccessorImpl.java:45)
	at java.lang.reflect.Constructor.newInstance(Constructor.java:422)
	at org.codehaus.groovy.reflection.CachedConstructor.invoke(CachedConstructor.java:83)
	at org.codehaus.groovy.reflection.CachedConstructor.doConstructorInvoke(CachedConstructor.java:77)
	at org.codehaus.groovy.runtime.callsite.ConstructorSite$ConstructorSiteNoUnwrap.callConstructor(ConstructorSite.java:84)
	at org.codehaus.groovy.runtime.callsite.AbstractCallSite.callConstructor(AbstractCallSite.java:247)
	at io.restassured.internal.ResponseSpecificationImpl$HamcrestAssertionClosure.validate(ResponseSpecificationImpl.groovy:471)
	at io.restassured.internal.ResponseSpecificationImpl$HamcrestAssertionClosure$validate$1.call(Unknown Source)
	at io.restassured.internal.ResponseSpecificationImpl.validateResponseIfRequired(ResponseSpecificationImpl.groovy:636)
	at sun.reflect.NativeMethodAccessorImpl.invoke0(Native Method)
	at sun.reflect.NativeMethodAccessorImpl.invoke(NativeMethodAccessorImpl.java:62)
	at sun.reflect.DelegatingMethodAccessorImpl.invoke(DelegatingMethodAccessorImpl.java:43)
	at java.lang.reflect.Method.invoke(Method.java:497)
	at org.codehaus.groovy.runtime.callsite.PogoMetaMethodSite$PogoCachedMethodSiteNoUnwrapNoCoerce.invoke(PogoMetaMethodSite.java:210)
	at org.codehaus.groovy.runtime.callsite.PogoMetaMethodSite.callCurrent(PogoMetaMethodSite.java:59)
	at org.codehaus.groovy.runtime.callsite.AbstractCallSite.callCurrent(AbstractCallSite.java:166)
	at io.restassured.internal.ResponseSpecificationImpl.statusCode(ResponseSpecificationImpl.groovy:122)
	at io.restassured.specification.ResponseSpecification$statusCode$0.callCurrent(Unknown Source)
	at io.restassured.internal.ResponseSpecificationImpl.statusCode(ResponseSpecificationImpl.groovy:130)
	at io.restassured.internal.ValidatableResponseOptionsImpl.statusCode(ValidatableResponseOptionsImpl.java:117)
	at com.studentapp.junit.studentinfo.CreateStudentDataDrivenTest.createMutipleStudent(CreateStudentDataDrivenTest.java:157)
]]></failure>
    <system-err><![CDATA[114543 [pool-1-thread-1] INFO net.thucydides.core.reports.json.JSONTestOutcomeReporter - Generating JSON report for Get all student to file K:\TestingFrameWork\2_sernity_bdd\EclpiseSernity\StudentApp\target\site\serenity\cf3582d9013014e22e6c68ff32f316f1cac86556582db62f14d28bcb554d8a1b.json (using temp file K:\TestingFrameWork\2_sernity_bdd\EclpiseSernity\StudentApp\target\site\serenity\cf3582d9013014e22e6c68ff32f316f1cac86556582db62f14d28bcb554d8a1b.jsonc75ac118-65fb-430b-9618-549d9a740294)
114544 [pool-1-thread-2] INFO net.thucydides.core.reports.json.JSONTestOutcomeReporter - Generating JSON report for Filedoesnot exist to file K:\TestingFrameWork\2_sernity_bdd\EclpiseSernity\StudentApp\target\site\serenity\44f8455e4c1844e1edbfe77b46500b3fb57a932644f2359115130e5200175a04.json (using temp file K:\TestingFrameWork\2_sernity_bdd\EclpiseSernity\StudentApp\target\site\serenity\44f8455e4c1844e1edbfe77b46500b3fb57a932644f2359115130e5200175a04.json7e61ce92-b25c-4a58-9c93-17c029aa478e)
114610 [pool-1-thread-4] INFO net.thucydides.core.reports.json.JSONTestOutcomeReporter - Generating JSON report for This test will get information student from Student App to file K:\TestingFrameWork\2_sernity_bdd\EclpiseSernity\StudentApp\target\site\serenity\c7cffcb435cc95306e6f510abff24f303e9711a455e75a2fad6213752631124d.json (using temp file K:\TestingFrameWork\2_sernity_bdd\EclpiseSernity\StudentApp\target\site\serenity\c7cffcb435cc95306e6f510abff24f303e9711a455e75a2fad6213752631124d.json8835772a-eed0-4f95-aed6-2e6a534495e4)
114616 [pool-1-thread-3] INFO net.thucydides.core.reports.json.JSONTestOutcomeReporter - Generating JSON report for Is this manul test to file K:\TestingFrameWork\2_sernity_bdd\EclpiseSernity\StudentApp\target\site\serenity\4ba3b40798548bfa818ca6d9821483864f5486ba9898aa6b4a7f54480844ae33.json (using temp file K:\TestingFrameWork\2_sernity_bdd\EclpiseSernity\StudentApp\target\site\serenity\4ba3b40798548bfa818ca6d9821483864f5486ba9898aa6b4a7f54480844ae33.json5c581f23-2f50-44e0-8456-2e2a2dca7c83)
114622 [pool-1-thread-2] INFO net.thucydides.core.reports.json.JSONTestOutcomeReporter - Generating JSON report for This is a skipped test to file K:\TestingFrameWork\2_sernity_bdd\EclpiseSernity\StudentApp\target\site\serenity\41701f32bf0b3e67d45bb1a35a2a2cbdd2d56f8fa7f0cba6b1ae33e1dce0bc8b.json (using temp file K:\TestingFrameWork\2_sernity_bdd\EclpiseSernity\StudentApp\target\site\serenity\41701f32bf0b3e67d45bb1a35a2a2cbdd2d56f8fa7f0cba6b1ae33e1dce0bc8b.jsond355dcb9-2169-44dc-a28a-9d975df48229)
114634 [pool-1-thread-1] INFO net.thucydides.core.reports.json.JSONTestOutcomeReporter - Generating JSON report for This test cause error to file K:\TestingFrameWork\2_sernity_bdd\EclpiseSernity\StudentApp\target\site\serenity\776aa15e2291b0303b8781d5ddec3cd60a7fb8e0fd034126400e55af80251553.json (using temp file K:\TestingFrameWork\2_sernity_bdd\EclpiseSernity\StudentApp\target\site\serenity\776aa15e2291b0303b8781d5ddec3cd60a7fb8e0fd034126400e55af80251553.jsonc9176f5c-1b82-46fd-b2d0-dd4e0ed1bc35)
114645 [pool-1-thread-4] INFO net.thucydides.core.reports.json.JSONTestOutcomeReporter - Generating JSON report for This is failing test to file K:\TestingFrameWork\2_sernity_bdd\EclpiseSernity\StudentApp\target\site\serenity\a53ca2f8a00212f5109b23b9c26e797c7337e5b6f397ed30dd976cbbb542ec73.json (using temp file K:\TestingFrameWork\2_sernity_bdd\EclpiseSernity\StudentApp\target\site\serenity\a53ca2f8a00212f5109b23b9c26e797c7337e5b6f397ed30dd976cbbb542ec73.json8bb99b66-b84c-4fb2-a693-498da3463dad)
114646 [pool-1-thread-2] INFO net.thucydides.core.reports.json.JSONTestOutcomeReporter - Generating JSON report for This pending test to file K:\TestingFrameWork\2_sernity_bdd\EclpiseSernity\StudentApp\target\site\serenity\4a86ad117b77588dcf4a858363d16b24c969bbfe0e25e192327c9116b489419d.json (using temp file K:\TestingFrameWork\2_sernity_bdd\EclpiseSernity\StudentApp\target\site\serenity\4a86ad117b77588dcf4a858363d16b24c969bbfe0e25e192327c9116b489419d.json23775aec-20e5-4e3f-b554-47730297452a)
114666 [pool-1-thread-1] INFO net.thucydides.core.reports.html.HtmlAcceptanceTestReporter - GENERATING HTML REPORT FOR Serenity id info:test01 in c7cffcb435cc95306e6f510abff24f303e9711a455e75a2fad6213752631124d.html in directory target\site\serenity  
114666 [pool-1-thread-3] INFO net.thucydides.core.reports.html.HtmlAcceptanceTestReporter - GENERATING HTML REPORT FOR Serenity id info:IsThisManulTest in 4ba3b40798548bfa818ca6d9821483864f5486ba9898aa6b4a7f54480844ae33.html in directory target\site\serenity  
114696 [pool-1-thread-2] INFO net.thucydides.core.reports.html.HtmlAcceptanceTestReporter - GENERATING HTML REPORT FOR Serenity id info:getAllStudent in cf3582d9013014e22e6c68ff32f316f1cac86556582db62f14d28bcb554d8a1b.html in directory target\site\serenity  
114699 [pool-1-thread-4] INFO net.thucydides.core.reports.html.HtmlAcceptanceTestReporter - GENERATING HTML REPORT FOR Serenity id info:filedoesnotExist in 44f8455e4c1844e1edbfe77b46500b3fb57a932644f2359115130e5200175a04.html in directory target\site\serenity  
114913 [pool-1-thread-3] INFO net.thucydides.core.reports.html.HtmlAcceptanceTestReporter - GENERATING HTML REPORT FOR Serenity id info:ThisIsASkippedTest in 41701f32bf0b3e67d45bb1a35a2a2cbdd2d56f8fa7f0cba6b1ae33e1dce0bc8b.html in directory target\site\serenity  
114932 [pool-1-thread-2] INFO net.thucydides.core.reports.html.HtmlAcceptanceTestReporter - GENERATING HTML REPORT FOR Serenity id info:ThisTestCauseError in 776aa15e2291b0303b8781d5ddec3cd60a7fb8e0fd034126400e55af80251553.html in directory target\site\serenity  
114934 [pool-1-thread-4] INFO net.thucydides.core.reports.html.HtmlAcceptanceTestReporter - GENERATING HTML REPORT FOR Serenity id info:thisIsFailingTest in a53ca2f8a00212f5109b23b9c26e797c7337e5b6f397ed30dd976cbbb542ec73.html in directory target\site\serenity  
114939 [pool-1-thread-1] INFO net.thucydides.core.reports.html.HtmlAcceptanceTestReporter - GENERATING HTML REPORT FOR Serenity id info:thisPendingTest in 4a86ad117b77588dcf4a858363d16b24c969bbfe0e25e192327c9116b489419d.html in directory target\site\serenity  
115159 [CreateStudentDataDrivenTest-2-thread-1] INFO net.serenitybdd.core.Serenity - Test Suite Started: Create student data driven test
117749 [CreateStudentDataDrivenTest-2-thread-1] INFO net.serenitybdd.core.Serenity - 
 _____ _____ ____ _____   ____ _____  _    ____ _____ _____ ____  
|_   _| ____/ ___|_   _| / ___|_   _|/ \  |  _ \_   _| ____|  _ \ 
  | | |  _| \___ \ | |   \___ \ | | / _ \ | |_) || | |  _| | | | |
  | | | |___ ___) || |    ___) || |/ ___ \|  _ < | | | |___| |_| |
  |_| |_____|____/ |_|   |____/ |_/_/   \_\_| \_\|_| |_____|____/ 
                                                                  

TEST STARTED: createMutipleStudent[0]
-------------------------------------------------------------------
117750 [CreateStudentDataDrivenTest-2-thread-1] INFO net.serenitybdd.core.Serenity - TEST NUMBER: 9
]]></system-err>
  </testcase>
</testsuite>