<?xml version="1.0" encoding="UTF-8"?>
<testsuite name="com.studentapp.junit.studentinfo.CreateStudentDataDrivenTest" time="4.964" tests="1" errors="0" skipped="0" failures="1">
  <properties>
[...]
</properties>
  <testcase name="createMutipleStudent[0]" classname="com.studentapp.junit.studentinfo.CreateStudentDataDrivenTest" time="4.964">
    <failure message="1 expectation failed.&#10;Expected status code &lt;201&gt; but was &lt;500&gt;.&#10;" type="java.lang.AssertionError"><![CDATA[java.lang.AssertionError: 1 expectation failed.
Expected status code <201> but was <500>.

	at sun.reflect.NativeConstructorAccessorImpl.newInstance0(Native Method)
	at sun.reflect.NativeConstructorAccessorImpl.newInstance(NativeConstructorAccessorImpl.java:62)
	at sun.reflect.DelegatingConstructorAccessorImpl.newInstance(DelegatingConstructorAccessorImpl.java:45)
	at java.lang.reflect.Constructor.newInstance(Constructor.java:422)
	at org.codehaus.groovy.reflection.CachedConstructor.invoke(CachedConstructor.java:83)
	at org.codehaus.groovy.reflection.CachedConstructor.doConstructorInvoke(CachedConstructor.java:77)
	at org.codehaus.groovy.runtime.callsite.ConstructorSite$ConstructorSiteNoUnwrap.callConstructor(ConstructorSite.java:84)
	at org.codehaus.groovy.runtime.callsite.AbstractCallSite.callConstructor(AbstractCallSite.java:247)
	at io.restassured.internal.ResponseSpecificationImpl$HamcrestAssertionClosure.validate(ResponseSpecificationImpl.groovy:471)
	at io.restassured.internal.ResponseSpecificationImpl$HamcrestAssertionClosure$validate$1.call(Unknown Source)
	at io.restassured.internal.ResponseSpecificationImpl.validateResponseIfRequired(ResponseSpecificationImpl.groovy:636)
	at sun.reflect.NativeMethodAccessorImpl.invoke0(Native Method)
	at sun.reflect.NativeMethodAccessorImpl.invoke(NativeMethodAccessorImpl.java:62)
	at sun.reflect.DelegatingMethodAccessorImpl.invoke(DelegatingMethodAccessorImpl.java:43)
	at java.lang.reflect.Method.invoke(Method.java:497)
	at org.codehaus.groovy.runtime.callsite.PogoMetaMethodSite$PogoCachedMethodSiteNoUnwrapNoCoerce.invoke(PogoMetaMethodSite.java:210)
	at org.codehaus.groovy.runtime.callsite.PogoMetaMethodSite.callCurrent(PogoMetaMethodSite.java:59)
	at org.codehaus.groovy.runtime.callsite.AbstractCallSite.callCurrent(AbstractCallSite.java:166)
	at io.restassured.internal.ResponseSpecificationImpl.statusCode(ResponseSpecificationImpl.groovy:122)
	at io.restassured.specification.ResponseSpecification$statusCode$0.callCurrent(Unknown Source)
	at io.restassured.internal.ResponseSpecificationImpl.statusCode(ResponseSpecificationImpl.groovy:130)
	at io.restassured.internal.ValidatableResponseOptionsImpl.statusCode(ValidatableResponseOptionsImpl.java:117)
	at com.studentapp.junit.studentinfo.CreateStudentDataDrivenTest.createMutipleStudent(CreateStudentDataDrivenTest.java:157)
]]></failure>
    <system-err><![CDATA[114543 [pool-1-thread-1] INFO net.thucydides.core.reports.json.JSONTestOutcomeReporter - Generating JSON report for Get all student to file K:\TestingFrameWork\2_sernity_bdd\EclpiseSernity\StudentApp\target\site\serenity\cf3582d9013014e22e6c68ff32f316f1cac86556582db62f14d28bcb554d8a1b.json (using temp file K:\TestingFrameWork\2_sernity_bdd\EclpiseSernity\StudentApp\target\site\serenity\cf3582d9013014e22e6c68ff32f316f1cac86556582db62f14d28bcb554d8a1b.jsonc75ac118-65fb-430b-9618-549d9a740294)
114544 [pool-1-thread-2] INFO net.thucydides.core.reports.json.JSONTestOutcomeReporter - Generating JSON report for Filedoesnot exist to file K:\TestingFrameWork\2_sernity_bdd\EclpiseSernity\StudentApp\target\site\serenity\44f8455e4c1844e1edbfe77b46500b3fb57a932644f2359115130e5200175a04.json (using temp file K:\TestingFrameWork\2_sernity_bdd\EclpiseSernity\StudentApp\target\site\serenity\44f8455e4c1844e1edbfe77b46500b3fb57a932644f2359115130e5200175a04.json7e61ce92-b25c-4a58-9c93-17c029aa478e)
114610 [pool-1-thread-4] INFO net.thucydides.core.reports.json.JSONTestOutcomeReporter - Generating JSON report for This test will get information student from Student App to file K:\TestingFrameWork\2_sernity_bdd\EclpiseSernity\StudentApp\target\site\serenity\c7cffcb435cc95306e6f510abff24f303e9711a455e75a2fad6213752631124d.json (using temp file K:\TestingFrameWork\2_sernity_bdd\EclpiseSernity\StudentApp\target\site\serenity\c7cffcb435cc95306e6f510abff24f303e9711a455e75a2fad6213752631124d.json8835772a-eed0-4f95-aed6-2e6a534495e4)
114616 [pool-1-thread-3] INFO net.thucydides.core.reports.json.JSONTestOutcomeReporter - Generating JSON report for Is this manul test to file K:\TestingFrameWork\2_sernity_bdd\EclpiseSernity\StudentApp\target\site\serenity\4ba3b40798548bfa818ca6d9821483864f5486ba9898aa6b4a7f54480844ae33.json (using temp file K:\TestingFrameWork\2_sernity_bdd\EclpiseSernity\StudentApp\target\site\serenity\4ba3b40798548bfa818ca6d9821483864f5486ba9898aa6b4a7f54480844ae33.json5c581f23-2f50-44e0-8456-2e2a2dca7c83)
114622 [pool-1-thread-2] INFO net.thucydides.core.reports.json.JSONTestOutcomeReporter - Generating JSON report for This is a skipped test to file K:\TestingFrameWork\2_sernity_bdd\EclpiseSernity\StudentApp\target\site\serenity\41701f32bf0b3e67d45bb1a35a2a2cbdd2d56f8fa7f0cba6b1ae33e1dce0bc8b.json (using temp file K:\TestingFrameWork\2_sernity_bdd\EclpiseSernity\StudentApp\target\site\serenity\41701f32bf0b3e67d45bb1a35a2a2cbdd2d56f8fa7f0cba6b1ae33e1dce0bc8b.jsond355dcb9-2169-44dc-a28a-9d975df48229)
114634 [pool-1-thread-1] INFO net.thucydides.core.reports.json.JSONTestOutcomeReporter - Generating JSON report for This test cause error to file K:\TestingFrameWork\2_sernity_bdd\EclpiseSernity\StudentApp\target\site\serenity\776aa15e2291b0303b8781d5ddec3cd60a7fb8e0fd034126400e55af80251553.json (using temp file K:\TestingFrameWork\2_sernity_bdd\EclpiseSernity\StudentApp\target\site\serenity\776aa15e2291b0303b8781d5ddec3cd60a7fb8e0fd034126400e55af80251553.jsonc9176f5c-1b82-46fd-b2d0-dd4e0ed1bc35)
114645 [pool-1-thread-4] INFO net.thucydides.core.reports.json.JSONTestOutcomeReporter - Generating JSON report for This is failing test to file K:\TestingFrameWork\2_sernity_bdd\EclpiseSernity\StudentApp\target\site\serenity\a53ca2f8a00212f5109b23b9c26e797c7337e5b6f397ed30dd976cbbb542ec73.json (using temp file K:\TestingFrameWork\2_sernity_bdd\EclpiseSernity\StudentApp\target\site\serenity\a53ca2f8a00212f5109b23b9c26e797c7337e5b6f397ed30dd976cbbb542ec73.json8bb99b66-b84c-4fb2-a693-498da3463dad)
114646 [pool-1-thread-2] INFO net.thucydides.core.reports.json.JSONTestOutcomeReporter - Generating JSON report for This pending test to file K:\TestingFrameWork\2_sernity_bdd\EclpiseSernity\StudentApp\target\site\serenity\4a86ad117b77588dcf4a858363d16b24c969bbfe0e25e192327c9116b489419d.json (using temp file K:\TestingFrameWork\2_sernity_bdd\EclpiseSernity\StudentApp\target\site\serenity\4a86ad117b77588dcf4a858363d16b24c969bbfe0e25e192327c9116b489419d.json23775aec-20e5-4e3f-b554-47730297452a)
114666 [pool-1-thread-1] INFO net.thucydides.core.reports.html.HtmlAcceptanceTestReporter - GENERATING HTML REPORT FOR Serenity id info:test01 in c7cffcb435cc95306e6f510abff24f303e9711a455e75a2fad6213752631124d.html in directory target\site\serenity  
114666 [pool-1-thread-3] INFO net.thucydides.core.reports.html.HtmlAcceptanceTestReporter - GENERATING HTML REPORT FOR Serenity id info:IsThisManulTest in 4ba3b40798548bfa818ca6d9821483864f5486ba9898aa6b4a7f54480844ae33.html in directory target\site\serenity  
114696 [pool-1-thread-2] INFO net.thucydides.core.reports.html.HtmlAcceptanceTestReporter - GENERATING HTML REPORT FOR Serenity id info:getAllStudent in cf3582d9013014e22e6c68ff32f316f1cac86556582db62f14d28bcb554d8a1b.html in directory target\site\serenity  
114699 [pool-1-thread-4] INFO net.thucydides.core.reports.html.HtmlAcceptanceTestReporter - GENERATING HTML REPORT FOR Serenity id info:filedoesnotExist in 44f8455e4c1844e1edbfe77b46500b3fb57a932644f2359115130e5200175a04.html in directory target\site\serenity  
114913 [pool-1-thread-3] INFO net.thucydides.core.reports.html.HtmlAcceptanceTestReporter - GENERATING HTML REPORT FOR Serenity id info:ThisIsASkippedTest in 41701f32bf0b3e67d45bb1a35a2a2cbdd2d56f8fa7f0cba6b1ae33e1dce0bc8b.html in directory target\site\serenity  
114932 [pool-1-thread-2] INFO net.thucydides.core.reports.html.HtmlAcceptanceTestReporter - GENERATING HTML REPORT FOR Serenity id info:ThisTestCauseError in 776aa15e2291b0303b8781d5ddec3cd60a7fb8e0fd034126400e55af80251553.html in directory target\site\serenity  
114934 [pool-1-thread-4] INFO net.thucydides.core.reports.html.HtmlAcceptanceTestReporter - GENERATING HTML REPORT FOR Serenity id info:thisIsFailingTest in a53ca2f8a00212f5109b23b9c26e797c7337e5b6f397ed30dd976cbbb542ec73.html in directory target\site\serenity  
114939 [pool-1-thread-1] INFO net.thucydides.core.reports.html.HtmlAcceptanceTestReporter - GENERATING HTML REPORT FOR Serenity id info:thisPendingTest in 4a86ad117b77588dcf4a858363d16b24c969bbfe0e25e192327c9116b489419d.html in directory target\site\serenity  
115159 [CreateStudentDataDrivenTest-2-thread-1] INFO net.serenitybdd.core.Serenity - Test Suite Started: Create student data driven test
117749 [CreateStudentDataDrivenTest-2-thread-1] INFO net.serenitybdd.core.Serenity - 
 _____ _____ ____ _____   ____ _____  _    ____ _____ _____ ____  
|_   _| ____/ ___|_   _| / ___|_   _|/ \  |  _ \_   _| ____|  _ \ 
  | | |  _| \___ \ | |   \___ \ | | / _ \ | |_) || | |  _| | | | |
  | | | |___ ___) || |    ___) || |/ ___ \|  _ < | | | |___| |_| |
  |_| |_____|____/ |_|   |____/ |_/_/   \_\_| \_\|_| |_____|____/ 
                                                                  

TEST STARTED: createMutipleStudent[0]
-------------------------------------------------------------------
117750 [CreateStudentDataDrivenTest-2-thread-1] INFO net.serenitybdd.core.Serenity - TEST NUMBER: 9
]]></system-err>
  </testcase>
</testsuite>