<?xml version="1.0" encoding="UTF-8"?><testsuite errors="0" failures="1" name="com.studentapp.junit.studentinfo.CreateStudentDataDrivenTest" skipped="0" tests="1" time="5.68" timestamp="2018-08-224 10:36:09"><testcase classname="com.studentapp.junit.studentinfo.CreateStudentDataDrivenTest" name="Data Driven test for Adding multpile Student"><failure message="1 expectation failed.&#10;Expected status code &lt;201&gt; but was &lt;500&gt;.&#10;" type="java.lang.AssertionError">1 expectation failed.
Expected status code &lt;201&gt; but was &lt;500&gt;.
</failure><system-err>1 expectation failed.
Expected status code &lt;201&gt; but was &lt;500&gt;.
&#13;
io.restassured.internal.ResponseSpecificationImpl.validateResponseIfRequired(ResponseSpecificationImpl.groovy:636)&#13;
io.restassured.internal.ResponseSpecificationImpl.statusCode(ResponseSpecificationImpl.groovy:122)&#13;
io.restassured.internal.ResponseSpecificationImpl.statusCode(ResponseSpecificationImpl.groovy:130)&#13;
io.restassured.internal.ValidatableResponseOptionsImpl.statusCode(ValidatableResponseOptionsImpl.java:117)&#13;
com.studentapp.junit.studentinfo.CreateStudentDataDrivenTest.createMutipleStudent(CreateStudentDataDrivenTest.java:157)&#13;
</system-err></testcase></testsuite>