<?xml version="1.0" encoding="UTF-8"?><testsuite errors="0" failures="0" name="com.studentapp.junit.studentinfo.StudentCRUDTest" skipped="0" tests="4" time="26.62" timestamp="2018-08-224 10:36:58"><testcase classname="com.studentapp.junit.studentinfo.StudentCRUDTest" name="This test Will Create New Student"/><testcase classname="com.studentapp.junit.studentinfo.StudentCRUDTest" name="Student was added to the  applciation"/><testcase classname="com.studentapp.junit.studentinfo.StudentCRUDTest" name="Update the User Information and Verify updated information"/><testcase classname="com.studentapp.junit.studentinfo.StudentCRUDTest" name="Delete the Student and veify if student is deleted"/></testsuite>