<?xml version="1.0" encoding="UTF-8"?><testsuite errors="0" failures="0" name="com.studentapp.junit.studentinfo.TagTest" skipped="0" tests="3" time="9.66" timestamp="2018-08-224 10:37:37"><testcase classname="com.studentapp.junit.studentinfo.TagTest" name="Provide 400 status code incorrect Http Resource"/><testcase classname="com.studentapp.junit.studentinfo.TagTest" name="Provide 200 status code correct HttpMethd"/><testcase classname="com.studentapp.junit.studentinfo.TagTest" name="Provide 405 status code incorrenct HttpMethd"/></testsuite>